[13:12:38] [main/INFO]: Reloading ResourceManager: Default, bukkit
[13:12:38] [Worker-Main-12/INFO]: Loaded 7 recipes
[13:12:39] [Server thread/INFO]: Starting minecraft server version 1.16.5
[13:12:39] [Server thread/INFO]: Loading properties
[13:12:39] [Server thread/INFO]: This server is running CraftBukkit version 3096a-Spigot-9fb885e-af1a232 (MC: 1.16.5) (Implementing API version 1.16.5-R0.1-SNAPSHOT)
[13:12:39] [Server thread/INFO]: Debug logging is disabled
[13:12:39] [Server thread/INFO]: Server Ping Player Sample Count: 12
[13:12:39] [Server thread/INFO]: Using 4 threads for Netty based IO
[13:12:39] [Server thread/INFO]: Default game type: SURVIVAL
[13:12:39] [Server thread/INFO]: Generating keypair
[13:12:40] [Server thread/INFO]: Starting Minecraft server on *:25565
[13:12:40] [Server thread/INFO]: Using default channel type
[13:12:42] [Server thread/WARN]: Initializing Legacy Material Support. Unless you have legacy plugins and/or data this is a bug!
[13:12:44] [Server thread/WARN]: Legacy plugin MinecraftEconomy v1 does not specify an api-version.
[13:12:44] [Server thread/INFO]: [MinecraftEconomy] Loading MinecraftEconomy v1
[13:12:44] [Server thread/INFO]: [ChestCommands] Loading ChestCommands v4.0.3
[13:12:44] [Server thread/INFO]: Preparing level "world"
[13:12:44] [Server thread/INFO]: -------- World Settings For [world] --------
[13:12:44] [Server thread/INFO]: Zombie Aggressive Towards Villager: true
[13:12:44] [Server thread/INFO]: Arrow Despawn Rate: 1200 Trident Respawn Rate:1200
[13:12:44] [Server thread/INFO]: Nerfing mobs spawned from spawners: false
[13:12:44] [Server thread/INFO]: Custom Map Seeds:  Village: 10387312 Desert: 14357617 Igloo: 14357618 Jungle: 14357619 Swamp: 14357620 Monument: 10387313 Ocean: 14357621 Shipwreck: 165745295 End City: 10387313 Slime: 987234911 Bastion: 30084232 Fortress: 30084232 Mansion: 10387319 Fossil: 14357921 Portal: 34222645
[13:12:44] [Server thread/INFO]: Mob Spawn Range: 6
[13:12:44] [Server thread/INFO]: Experience Merge Radius: 3.0
[13:12:44] [Server thread/INFO]: Entity Activation Range: An 32 / Mo 32 / Ra 48 / Mi 16 / Tiv true
[13:12:44] [Server thread/INFO]: Cactus Growth Modifier: 100%
[13:12:44] [Server thread/INFO]: Cane Growth Modifier: 100%
[13:12:44] [Server thread/INFO]: Melon Growth Modifier: 100%
[13:12:44] [Server thread/INFO]: Mushroom Growth Modifier: 100%
[13:12:44] [Server thread/INFO]: Pumpkin Growth Modifier: 100%
[13:12:44] [Server thread/INFO]: Sapling Growth Modifier: 100%
[13:12:44] [Server thread/INFO]: Beetroot Growth Modifier: 100%
[13:12:44] [Server thread/INFO]: Carrot Growth Modifier: 100%
[13:12:44] [Server thread/INFO]: Potato Growth Modifier: 100%
[13:12:44] [Server thread/INFO]: Wheat Growth Modifier: 100%
[13:12:44] [Server thread/INFO]: NetherWart Growth Modifier: 100%
[13:12:44] [Server thread/INFO]: Vine Growth Modifier: 100%
[13:12:44] [Server thread/INFO]: Cocoa Growth Modifier: 100%
[13:12:44] [Server thread/INFO]: Bamboo Growth Modifier: 100%
[13:12:44] [Server thread/INFO]: SweetBerry Growth Modifier: 100%
[13:12:44] [Server thread/INFO]: Kelp Growth Modifier: 100%
[13:12:44] [Server thread/INFO]: Tile Max Tick Time: 50ms Entity max Tick Time: 50ms
[13:12:44] [Server thread/INFO]: Hopper Transfer: 8 Hopper Check: 1 Hopper Amount: 1
[13:12:44] [Server thread/INFO]: Max TNT Explosions: 100
[13:12:44] [Server thread/INFO]: Entity Tracking Range: Pl 48 / An 48 / Mo 48 / Mi 32 / Other 64
[13:12:44] [Server thread/INFO]: Allow Zombie Pigmen to spawn from portal blocks: true
[13:12:44] [Server thread/INFO]: Item Merge Radius: 2.5
[13:12:44] [Server thread/INFO]: Item Despawn Rate: 6000
[13:12:44] [Server thread/INFO]: View Distance: 10
[13:12:44] [Server thread/INFO]: -------- World Settings For [world_nether] --------
[13:12:44] [Server thread/INFO]: Zombie Aggressive Towards Villager: true
[13:12:44] [Server thread/INFO]: Arrow Despawn Rate: 1200 Trident Respawn Rate:1200
[13:12:44] [Server thread/INFO]: Nerfing mobs spawned from spawners: false
[13:12:44] [Server thread/INFO]: Custom Map Seeds:  Village: 10387312 Desert: 14357617 Igloo: 14357618 Jungle: 14357619 Swamp: 14357620 Monument: 10387313 Ocean: 14357621 Shipwreck: 165745295 End City: 10387313 Slime: 987234911 Bastion: 30084232 Fortress: 30084232 Mansion: 10387319 Fossil: 14357921 Portal: 34222645
[13:12:44] [Server thread/INFO]: Mob Spawn Range: 6
[13:12:44] [Server thread/INFO]: Experience Merge Radius: 3.0
[13:12:44] [Server thread/INFO]: Entity Activation Range: An 32 / Mo 32 / Ra 48 / Mi 16 / Tiv true
[13:12:44] [Server thread/INFO]: Cactus Growth Modifier: 100%
[13:12:44] [Server thread/INFO]: Cane Growth Modifier: 100%
[13:12:44] [Server thread/INFO]: Melon Growth Modifier: 100%
[13:12:44] [Server thread/INFO]: Mushroom Growth Modifier: 100%
[13:12:44] [Server thread/INFO]: Pumpkin Growth Modifier: 100%
[13:12:44] [Server thread/INFO]: Sapling Growth Modifier: 100%
[13:12:44] [Server thread/INFO]: Beetroot Growth Modifier: 100%
[13:12:44] [Server thread/INFO]: Carrot Growth Modifier: 100%
[13:12:44] [Server thread/INFO]: Potato Growth Modifier: 100%
[13:12:44] [Server thread/INFO]: Wheat Growth Modifier: 100%
[13:12:44] [Server thread/INFO]: NetherWart Growth Modifier: 100%
[13:12:44] [Server thread/INFO]: Vine Growth Modifier: 100%
[13:12:44] [Server thread/INFO]: Cocoa Growth Modifier: 100%
[13:12:44] [Server thread/INFO]: Bamboo Growth Modifier: 100%
[13:12:44] [Server thread/INFO]: SweetBerry Growth Modifier: 100%
[13:12:44] [Server thread/INFO]: Kelp Growth Modifier: 100%
[13:12:44] [Server thread/INFO]: Tile Max Tick Time: 50ms Entity max Tick Time: 50ms
[13:12:44] [Server thread/INFO]: Hopper Transfer: 8 Hopper Check: 1 Hopper Amount: 1
[13:12:44] [Server thread/INFO]: Max TNT Explosions: 100
[13:12:44] [Server thread/INFO]: Entity Tracking Range: Pl 48 / An 48 / Mo 48 / Mi 32 / Other 64
[13:12:44] [Server thread/INFO]: Allow Zombie Pigmen to spawn from portal blocks: true
[13:12:44] [Server thread/INFO]: Item Merge Radius: 2.5
[13:12:44] [Server thread/INFO]: Item Despawn Rate: 6000
[13:12:44] [Server thread/INFO]: View Distance: 10
[13:12:45] [Server thread/INFO]: -------- World Settings For [world_the_end] --------
[13:12:45] [Server thread/INFO]: Zombie Aggressive Towards Villager: true
[13:12:45] [Server thread/INFO]: Arrow Despawn Rate: 1200 Trident Respawn Rate:1200
[13:12:45] [Server thread/INFO]: Nerfing mobs spawned from spawners: false
[13:12:45] [Server thread/INFO]: Custom Map Seeds:  Village: 10387312 Desert: 14357617 Igloo: 14357618 Jungle: 14357619 Swamp: 14357620 Monument: 10387313 Ocean: 14357621 Shipwreck: 165745295 End City: 10387313 Slime: 987234911 Bastion: 30084232 Fortress: 30084232 Mansion: 10387319 Fossil: 14357921 Portal: 34222645
[13:12:45] [Server thread/INFO]: Mob Spawn Range: 6
[13:12:45] [Server thread/INFO]: Experience Merge Radius: 3.0
[13:12:45] [Server thread/INFO]: Entity Activation Range: An 32 / Mo 32 / Ra 48 / Mi 16 / Tiv true
[13:12:45] [Server thread/INFO]: Cactus Growth Modifier: 100%
[13:12:45] [Server thread/INFO]: Cane Growth Modifier: 100%
[13:12:45] [Server thread/INFO]: Melon Growth Modifier: 100%
[13:12:45] [Server thread/INFO]: Mushroom Growth Modifier: 100%
[13:12:45] [Server thread/INFO]: Pumpkin Growth Modifier: 100%
[13:12:45] [Server thread/INFO]: Sapling Growth Modifier: 100%
[13:12:45] [Server thread/INFO]: Beetroot Growth Modifier: 100%
[13:12:45] [Server thread/INFO]: Carrot Growth Modifier: 100%
[13:12:45] [Server thread/INFO]: Potato Growth Modifier: 100%
[13:12:45] [Server thread/INFO]: Wheat Growth Modifier: 100%
[13:12:45] [Server thread/INFO]: NetherWart Growth Modifier: 100%
[13:12:45] [Server thread/INFO]: Vine Growth Modifier: 100%
[13:12:45] [Server thread/INFO]: Cocoa Growth Modifier: 100%
[13:12:45] [Server thread/INFO]: Bamboo Growth Modifier: 100%
[13:12:45] [Server thread/INFO]: SweetBerry Growth Modifier: 100%
[13:12:45] [Server thread/INFO]: Kelp Growth Modifier: 100%
[13:12:45] [Server thread/INFO]: Tile Max Tick Time: 50ms Entity max Tick Time: 50ms
[13:12:45] [Server thread/INFO]: Hopper Transfer: 8 Hopper Check: 1 Hopper Amount: 1
[13:12:45] [Server thread/INFO]: Max TNT Explosions: 100
[13:12:45] [Server thread/INFO]: Entity Tracking Range: Pl 48 / An 48 / Mo 48 / Mi 32 / Other 64
[13:12:45] [Server thread/INFO]: Allow Zombie Pigmen to spawn from portal blocks: true
[13:12:45] [Server thread/INFO]: Item Merge Radius: 2.5
[13:12:45] [Server thread/INFO]: Item Despawn Rate: 6000
[13:12:45] [Server thread/INFO]: View Distance: 10
[13:12:45] [Server thread/INFO]: Preparing start region for dimension minecraft:overworld
[13:12:45] [Server thread/INFO]: Preparing spawn area: 0%
[13:12:45] [Server thread/INFO]: Preparing spawn area: 0%
[13:12:46] [Server thread/INFO]: Preparing spawn area: 34%
[13:12:48] [Worker-Main-13/INFO]: Preparing spawn area: 83%
[13:12:48] [Worker-Main-10/INFO]: Preparing spawn area: 83%
[13:12:48] [Worker-Main-11/INFO]: Preparing spawn area: 83%
[13:12:48] [Worker-Main-11/INFO]: Preparing spawn area: 83%
[13:12:48] [Server thread/INFO]: Time elapsed: 3290 ms
[13:12:48] [Server thread/INFO]: Preparing start region for dimension minecraft:the_nether
[13:12:48] [Server thread/INFO]: Preparing spawn area: 0%
[13:12:48] [Server thread/INFO]: Preparing spawn area: 0%
[13:12:49] [Worker-Main-11/INFO]: Preparing spawn area: 83%
[13:12:49] [Worker-Main-15/INFO]: Preparing spawn area: 83%
[13:12:50] [Worker-Main-10/INFO]: Preparing spawn area: 93%
[13:12:50] [Server thread/INFO]: Time elapsed: 2231 ms
[13:12:50] [Server thread/INFO]: Preparing start region for dimension minecraft:the_end
[13:12:50] [Server thread/INFO]: Preparing spawn area: 0%
[13:12:51] [Server thread/INFO]: Time elapsed: 487 ms
[13:12:51] [Server thread/INFO]: [MinecraftEconomy] Enabling MinecraftEconomy v1
[13:12:51] [Server thread/INFO]: Hello world!
[13:12:51] [Server thread/INFO]: [ChestCommands] Enabling ChestCommands v4.0.3
[13:12:51] [Server thread/WARN]: [ChestCommands] Couldn't find Vault and a compatible economy plugin! Money-related features will not work.
[13:12:51] [Server thread/INFO]: Server permissions file permissions.yml is empty, ignoring it
[13:12:51] [Server thread/INFO]: Done (6.796s)! For help, type "help"
[13:14:46] [Server thread/INFO]: Stopping the server
[13:14:46] [Server thread/INFO]: Stopping server
[13:14:46] [Server thread/INFO]: [ChestCommands] Disabling ChestCommands v4.0.3
[13:14:46] [Server thread/INFO]: [MinecraftEconomy] Disabling MinecraftEconomy v1
[13:14:46] [Server thread/INFO]: Shutting down...
[13:14:46] [Server thread/INFO]: Saving players
[13:14:46] [Server thread/INFO]: Saving worlds
[13:14:46] [Server thread/INFO]: Saving chunks for level 'ServerLevel[world]'/minecraft:overworld
[13:14:46] [Server thread/INFO]: ThreadedAnvilChunkStorage (world): All chunks are saved
[13:14:46] [Server thread/INFO]: Saving chunks for level 'ServerLevel[world_nether]'/minecraft:the_nether
[13:14:47] [Server thread/INFO]: ThreadedAnvilChunkStorage (DIM-1): All chunks are saved
[13:14:47] [Server thread/INFO]: Saving chunks for level 'ServerLevel[world_the_end]'/minecraft:the_end
[13:14:47] [Server thread/INFO]: ThreadedAnvilChunkStorage (DIM1): All chunks are saved
[13:14:47] [Server thread/INFO]: ThreadedAnvilChunkStorage (world): All chunks are saved
[13:14:47] [Server thread/INFO]: ThreadedAnvilChunkStorage (DIM-1): All chunks are saved
[13:14:47] [Server thread/INFO]: ThreadedAnvilChunkStorage (DIM1): All chunks are saved
